2025-11-22 23:25:31.852 +07:00 [INF] Starting NotificationService...
2025-11-22 23:25:32.552 +07:00 [INF] NotificationService started successfully on http://localhost:5051
2025-11-22 23:25:32.921 +07:00 [INF] RabbitMQ consumer connection and channels initialized successfully.
2025-11-22 23:25:32.933 +07:00 [INF] RabbitMQ Consumer Hosted Service running.
2025-11-22 23:25:32.940 +07:00 [INF] Started consuming from queue: sales.completed
2025-11-22 23:25:32.942 +07:00 [INF] Started consuming from queue: vehicle.reserved
2025-11-22 23:25:32.944 +07:00 [INF] Started consuming from queue: testdrive.scheduled
2025-11-22 23:25:33.103 +07:00 [INF] Started consuming messages from all queues.
2025-11-22 23:25:34.009 +07:00 [ERR] Hosting failed to start
System.IO.IOException: Failed to bind to address http://127.0.0.1:5051: address already in use.
 ---> Microsoft.AspNetCore.Connections.AddressInUseException: Only one usage of each socket address (protocol/network address/port) is normally permitted.
 ---> System.Net.Sockets.SocketException (10048): Only one usage of each socket address (protocol/network address/port) is normally permitted.
   at System.Net.Sockets.Socket.UpdateStatusAfterSocketErrorAndThrowException(SocketError error, Boolean disconnectOnFailure, String callerName)
   at System.Net.Sockets.Socket.DoBind(EndPoint endPointSnapshot, SocketAddress socketAddress)
   at System.Net.Sockets.Socket.Bind(EndPoint localEP)
   at Microsoft.AspNetCore.Server.Kestrel.Transport.Sockets.SocketTransportOptions.CreateDefaultBoundListenSocket(EndPoint endpoint)
   at Microsoft.AspNetCore.Server.Kestrel.Transport.Sockets.SocketConnectionListener.Bind()
   --- End of inner exception stack trace ---
   at Microsoft.AspNetCore.Server.Kestrel.Transport.Sockets.SocketConnectionListener.Bind()
   at Microsoft.AspNetCore.Server.Kestrel.Transport.Sockets.SocketTransportFactory.BindAsync(EndPoint endpoint, CancellationToken cancellationToken)
   at Microsoft.AspNetCore.Server.Kestrel.Core.Internal.Infrastructure.TransportManager.BindAsync(EndPoint endPoint, ConnectionDelegate connectionDelegate, EndpointConfig endpointConfig, CancellationToken cancellationToken)
   at Microsoft.AspNetCore.Server.Kestrel.Core.KestrelServerImpl.<>c__DisplayClass28_0`1.<<StartAsync>g__OnBind|0>d.MoveNext()
--- End of stack trace from previous location ---
   at Microsoft.AspNetCore.Server.Kestrel.Core.Internal.AddressBinder.BindEndpointAsync(ListenOptions endpoint, AddressBindContext context, CancellationToken cancellationToken)
   --- End of inner exception stack trace ---
   at Microsoft.AspNetCore.Server.Kestrel.Core.Internal.AddressBinder.BindEndpointAsync(ListenOptions endpoint, AddressBindContext context, CancellationToken cancellationToken)
   at Microsoft.AspNetCore.Server.Kestrel.Core.LocalhostListenOptions.BindAsync(AddressBindContext context, CancellationToken cancellationToken)
   at Microsoft.AspNetCore.Server.Kestrel.Core.Internal.AddressBinder.AddressesStrategy.BindAsync(AddressBindContext context, CancellationToken cancellationToken)
   at Microsoft.AspNetCore.Server.Kestrel.Core.Internal.AddressBinder.BindAsync(ListenOptions[] listenOptions, AddressBindContext context, Func`2 useHttps, CancellationToken cancellationToken)
   at Microsoft.AspNetCore.Server.Kestrel.Core.KestrelServerImpl.BindAsync(CancellationToken cancellationToken)
   at Microsoft.AspNetCore.Server.Kestrel.Core.KestrelServerImpl.StartAsync[TContext](IHttpApplication`1 application, CancellationToken cancellationToken)
   at Microsoft.AspNetCore.Hosting.GenericWebHostService.StartAsync(CancellationToken cancellationToken)
   at Microsoft.Extensions.Hosting.Internal.Host.<StartAsync>b__15_1(IHostedService service, CancellationToken token)
   at Microsoft.Extensions.Hosting.Internal.Host.ForeachService[T](IEnumerable`1 services, CancellationToken token, Boolean concurrent, Boolean abortOnFirstException, List`1 exceptions, Func`3 operation)
2025-11-22 23:25:34.039 +07:00 [INF] RabbitMQ consumer connection closed.
2025-11-22 23:25:34.041 +07:00 [FTL] NotificationService failed to start
System.IO.IOException: Failed to bind to address http://127.0.0.1:5051: address already in use.
 ---> Microsoft.AspNetCore.Connections.AddressInUseException: Only one usage of each socket address (protocol/network address/port) is normally permitted.
 ---> System.Net.Sockets.SocketException (10048): Only one usage of each socket address (protocol/network address/port) is normally permitted.
   at System.Net.Sockets.Socket.UpdateStatusAfterSocketErrorAndThrowException(SocketError error, Boolean disconnectOnFailure, String callerName)
   at System.Net.Sockets.Socket.DoBind(EndPoint endPointSnapshot, SocketAddress socketAddress)
   at System.Net.Sockets.Socket.Bind(EndPoint localEP)
   at Microsoft.AspNetCore.Server.Kestrel.Transport.Sockets.SocketTransportOptions.CreateDefaultBoundListenSocket(EndPoint endpoint)
   at Microsoft.AspNetCore.Server.Kestrel.Transport.Sockets.SocketConnectionListener.Bind()
   --- End of inner exception stack trace ---
   at Microsoft.AspNetCore.Server.Kestrel.Transport.Sockets.SocketConnectionListener.Bind()
   at Microsoft.AspNetCore.Server.Kestrel.Transport.Sockets.SocketTransportFactory.BindAsync(EndPoint endpoint, CancellationToken cancellationToken)
   at Microsoft.AspNetCore.Server.Kestrel.Core.Internal.Infrastructure.TransportManager.BindAsync(EndPoint endPoint, ConnectionDelegate connectionDelegate, EndpointConfig endpointConfig, CancellationToken cancellationToken)
   at Microsoft.AspNetCore.Server.Kestrel.Core.KestrelServerImpl.<>c__DisplayClass28_0`1.<<StartAsync>g__OnBind|0>d.MoveNext()
--- End of stack trace from previous location ---
   at Microsoft.AspNetCore.Server.Kestrel.Core.Internal.AddressBinder.BindEndpointAsync(ListenOptions endpoint, AddressBindContext context, CancellationToken cancellationToken)
   --- End of inner exception stack trace ---
   at Microsoft.AspNetCore.Server.Kestrel.Core.Internal.AddressBinder.BindEndpointAsync(ListenOptions endpoint, AddressBindContext context, CancellationToken cancellationToken)
   at Microsoft.AspNetCore.Server.Kestrel.Core.LocalhostListenOptions.BindAsync(AddressBindContext context, CancellationToken cancellationToken)
   at Microsoft.AspNetCore.Server.Kestrel.Core.Internal.AddressBinder.AddressesStrategy.BindAsync(AddressBindContext context, CancellationToken cancellationToken)
   at Microsoft.AspNetCore.Server.Kestrel.Core.Internal.AddressBinder.BindAsync(ListenOptions[] listenOptions, AddressBindContext context, Func`2 useHttps, CancellationToken cancellationToken)
   at Microsoft.AspNetCore.Server.Kestrel.Core.KestrelServerImpl.BindAsync(CancellationToken cancellationToken)
   at Microsoft.AspNetCore.Server.Kestrel.Core.KestrelServerImpl.StartAsync[TContext](IHttpApplication`1 application, CancellationToken cancellationToken)
   at Microsoft.AspNetCore.Hosting.GenericWebHostService.StartAsync(CancellationToken cancellationToken)
   at Microsoft.Extensions.Hosting.Internal.Host.<StartAsync>b__15_1(IHostedService service, CancellationToken token)
   at Microsoft.Extensions.Hosting.Internal.Host.ForeachService[T](IEnumerable`1 services, CancellationToken token, Boolean concurrent, Boolean abortOnFirstException, List`1 exceptions, Func`3 operation)
   at Microsoft.Extensions.Hosting.Internal.Host.StartAsync(CancellationToken cancellationToken)
   at Microsoft.Extensions.Hosting.HostingAbstractionsHostExtensions.RunAsync(IHost host, CancellationToken token)
   at Microsoft.Extensions.Hosting.HostingAbstractionsHostExtensions.RunAsync(IHost host, CancellationToken token)
   at Microsoft.Extensions.Hosting.HostingAbstractionsHostExtensions.Run(IHost host)
   at Program.<Main>$(String[] args) in D:\Nam_3\ev-dealer-management\ev-dealer-management\NotificationService\Program.cs:line 64
2025-11-22 23:26:19.831 +07:00 [INF] Starting NotificationService...
2025-11-22 23:26:20.074 +07:00 [INF] NotificationService started successfully on http://localhost:5051
2025-11-22 23:26:20.194 +07:00 [INF] RabbitMQ consumer connection and channels initialized successfully.
2025-11-22 23:26:20.212 +07:00 [INF] RabbitMQ Consumer Hosted Service running.
2025-11-22 23:26:20.221 +07:00 [INF] Started consuming from queue: sales.completed
2025-11-22 23:26:20.227 +07:00 [INF] Started consuming from queue: vehicle.reserved
2025-11-22 23:26:20.233 +07:00 [INF] Started consuming from queue: testdrive.scheduled
2025-11-22 23:26:20.234 +07:00 [INF] Started consuming messages from all queues.
2025-11-22 23:27:20.769 +07:00 [INF] RabbitMQ Consumer Hosted Service is stopping.
2025-11-22 23:27:20.775 +07:00 [INF] Stopping RabbitMQ consumer.
2025-11-22 23:27:20.815 +07:00 [INF] RabbitMQ consumer connection closed.
2025-11-22 23:27:20.823 +07:00 [FTL] NotificationService failed to start
System.Threading.Channels.ChannelClosedException: The channel has been closed.
   at System.Threading.Channels.ChannelWriter`1.Complete(Exception error)
   at RabbitMQ.Client.Framing.Impl.AutorecoveringConnection.StopRecoveryLoop()
   at RabbitMQ.Client.Framing.Impl.AutorecoveringConnection.Close()
   at NotificationService.Services.RabbitMQConsumerService.Dispose() in D:\Nam_3\ev-dealer-management\ev-dealer-management\NotificationService\Services\RabbitMQConsumerService.cs:line 192
   at Microsoft.Extensions.DependencyInjection.ServiceLookup.ServiceProviderEngineScope.DisposeAsync()
--- End of stack trace from previous location ---
   at Microsoft.Extensions.Hosting.Internal.Host.<DisposeAsync>g__DisposeAsync|21_0(Object o)
   at Microsoft.Extensions.Hosting.Internal.Host.DisposeAsync()
   at Microsoft.Extensions.Hosting.HostingAbstractionsHostExtensions.RunAsync(IHost host, CancellationToken token)
   at Microsoft.Extensions.Hosting.HostingAbstractionsHostExtensions.Run(IHost host)
   at Program.<Main>$(String[] args) in D:\Nam_3\ev-dealer-management\ev-dealer-management\NotificationService\Program.cs:line 64
2025-11-22 23:27:49.691 +07:00 [INF] Starting NotificationService...
2025-11-22 23:27:49.937 +07:00 [INF] NotificationService started successfully on http://localhost:5051
2025-11-22 23:27:50.059 +07:00 [INF] RabbitMQ consumer connection and channels initialized successfully.
2025-11-22 23:27:50.070 +07:00 [INF] RabbitMQ Consumer Hosted Service running.
2025-11-22 23:27:50.076 +07:00 [INF] Started consuming from queue: sales.completed
2025-11-22 23:27:50.078 +07:00 [INF] Started consuming from queue: vehicle.reserved
2025-11-22 23:27:50.080 +07:00 [INF] Started consuming from queue: testdrive.scheduled
2025-11-22 23:27:50.080 +07:00 [INF] Started consuming messages from all queues.
2025-11-22 23:28:08.928 +07:00 [INF] RabbitMQ Consumer Hosted Service is stopping.
2025-11-22 23:28:08.928 +07:00 [INF] Stopping RabbitMQ consumer.
2025-11-22 23:28:08.942 +07:00 [INF] RabbitMQ consumer connection closed.
2025-11-22 23:28:08.948 +07:00 [FTL] NotificationService failed to start
System.Threading.Channels.ChannelClosedException: The channel has been closed.
   at System.Threading.Channels.ChannelWriter`1.Complete(Exception error)
   at RabbitMQ.Client.Framing.Impl.AutorecoveringConnection.StopRecoveryLoop()
   at RabbitMQ.Client.Framing.Impl.AutorecoveringConnection.Close()
   at NotificationService.Services.RabbitMQConsumerService.Dispose() in D:\Nam_3\ev-dealer-management\ev-dealer-management\NotificationService\Services\RabbitMQConsumerService.cs:line 192
   at Microsoft.Extensions.DependencyInjection.ServiceLookup.ServiceProviderEngineScope.DisposeAsync()
--- End of stack trace from previous location ---
   at Microsoft.Extensions.Hosting.Internal.Host.<DisposeAsync>g__DisposeAsync|21_0(Object o)
   at Microsoft.Extensions.Hosting.Internal.Host.DisposeAsync()
   at Microsoft.Extensions.Hosting.HostingAbstractionsHostExtensions.RunAsync(IHost host, CancellationToken token)
   at Microsoft.Extensions.Hosting.HostingAbstractionsHostExtensions.Run(IHost host)
   at Program.<Main>$(String[] args) in D:\Nam_3\ev-dealer-management\ev-dealer-management\NotificationService\Program.cs:line 64
2025-11-22 23:28:22.399 +07:00 [INF] Starting NotificationService...
2025-11-22 23:28:22.638 +07:00 [INF] NotificationService started successfully on http://localhost:5051
2025-11-22 23:28:22.758 +07:00 [INF] RabbitMQ consumer connection and channels initialized successfully.
2025-11-22 23:28:22.770 +07:00 [INF] RabbitMQ Consumer Hosted Service running.
2025-11-22 23:28:22.776 +07:00 [INF] Started consuming from queue: sales.completed
2025-11-22 23:28:22.778 +07:00 [INF] Started consuming from queue: vehicle.reserved
2025-11-22 23:28:22.780 +07:00 [INF] Started consuming from queue: testdrive.scheduled
2025-11-22 23:28:22.780 +07:00 [INF] Started consuming messages from all queues.
2025-11-22 23:28:50.601 +07:00 [INF] RabbitMQ Consumer Hosted Service is stopping.
2025-11-22 23:28:50.603 +07:00 [INF] Stopping RabbitMQ consumer.
2025-11-22 23:28:50.633 +07:00 [INF] RabbitMQ consumer connection closed.
2025-11-22 23:28:50.640 +07:00 [FTL] NotificationService failed to start
System.Threading.Channels.ChannelClosedException: The channel has been closed.
   at System.Threading.Channels.ChannelWriter`1.Complete(Exception error)
   at RabbitMQ.Client.Framing.Impl.AutorecoveringConnection.StopRecoveryLoop()
   at RabbitMQ.Client.Framing.Impl.AutorecoveringConnection.Close()
   at NotificationService.Services.RabbitMQConsumerService.Dispose() in D:\Nam_3\ev-dealer-management\ev-dealer-management\NotificationService\Services\RabbitMQConsumerService.cs:line 192
   at Microsoft.Extensions.DependencyInjection.ServiceLookup.ServiceProviderEngineScope.DisposeAsync()
--- End of stack trace from previous location ---
   at Microsoft.Extensions.Hosting.Internal.Host.<DisposeAsync>g__DisposeAsync|21_0(Object o)
   at Microsoft.Extensions.Hosting.Internal.Host.DisposeAsync()
   at Microsoft.Extensions.Hosting.HostingAbstractionsHostExtensions.RunAsync(IHost host, CancellationToken token)
   at Microsoft.Extensions.Hosting.HostingAbstractionsHostExtensions.Run(IHost host)
   at Program.<Main>$(String[] args) in D:\Nam_3\ev-dealer-management\ev-dealer-management\NotificationService\Program.cs:line 64
2025-11-22 23:32:18.174 +07:00 [INF] Starting NotificationService...
2025-11-22 23:32:18.416 +07:00 [INF] NotificationService started successfully on http://localhost:5051
2025-11-22 23:32:18.545 +07:00 [INF] RabbitMQ consumer connection and channels initialized successfully.
2025-11-22 23:32:18.556 +07:00 [INF] RabbitMQ Consumer Hosted Service running.
2025-11-22 23:32:18.562 +07:00 [INF] Started consuming from queue: sales.completed
2025-11-22 23:32:18.565 +07:00 [INF] Started consuming from queue: vehicle.reserved
2025-11-22 23:32:18.571 +07:00 [INF] Started consuming from queue: testdrive.scheduled
2025-11-22 23:32:18.571 +07:00 [INF] Started consuming messages from all queues.
2025-11-22 23:39:32.273 +07:00 [INF] Starting NotificationService...
2025-11-22 23:39:33.117 +07:00 [INF] NotificationService started successfully on http://localhost:5051
2025-11-22 23:39:33.357 +07:00 [INF] RabbitMQ consumer connection and channels initialized successfully.
2025-11-22 23:39:33.373 +07:00 [INF] RabbitMQ Consumer Hosted Service running.
2025-11-22 23:39:33.382 +07:00 [INF] Started consuming from queue: sales.completed
2025-11-22 23:39:33.396 +07:00 [INF] Started consuming from queue: vehicle.reserved
2025-11-22 23:39:33.408 +07:00 [INF] Started consuming from queue: testdrive.scheduled
2025-11-22 23:39:33.411 +07:00 [INF] Started consuming messages from all queues.
2025-11-22 23:39:39.619 +07:00 [WRN] Failed to determine the https port for redirect.
2025-11-22 23:47:20.228 +07:00 [INF] Starting NotificationService...
2025-11-22 23:47:20.493 +07:00 [INF] NotificationService started successfully on http://localhost:5051
2025-11-22 23:47:20.613 +07:00 [INF] RabbitMQ consumer connection and channels initialized successfully.
2025-11-22 23:47:20.626 +07:00 [INF] RabbitMQ Consumer Hosted Service running.
2025-11-22 23:47:20.632 +07:00 [INF] Started consuming from queue: sales.completed
2025-11-22 23:47:20.636 +07:00 [INF] Started consuming from queue: vehicle.reserved
2025-11-22 23:47:20.638 +07:00 [INF] Started consuming from queue: testdrive.scheduled
2025-11-22 23:47:20.638 +07:00 [INF] Started consuming messages from all queues.
2025-11-22 23:48:35.175 +07:00 [INF] Processing SaleCompletedEvent for Order: ORD-20251122-42699521
2025-11-22 23:48:36.825 +07:00 [INF] Email sent successfully to nguyenvana@email.com. Subject: Order Confirmation - EV Dealer Management
2025-11-22 23:48:36.827 +07:00 [INF] Order confirmation email sent for Order: ORD-20251122-42699521
