2025-11-22 17:13:06.268 +07:00 [INF] Starting NotificationService...
2025-11-22 17:13:06.910 +07:00 [INF] NotificationService started successfully on http://localhost:5051
2025-11-22 17:13:07.141 +07:00 [INF] RabbitMQ consumer connection and channels initialized successfully.
2025-11-22 17:13:07.156 +07:00 [INF] RabbitMQ Consumer Hosted Service running.
2025-11-22 17:13:07.170 +07:00 [INF] Started consuming from queue: sales.completed
2025-11-22 17:13:07.177 +07:00 [INF] Started consuming from queue: vehicle.reserved
2025-11-22 17:13:07.183 +07:00 [INF] Started consuming from queue: testdrive.scheduled
2025-11-22 17:13:07.187 +07:00 [INF] Started consuming messages from all queues.
2025-11-22 17:13:07.284 +07:00 [ERR] Hosting failed to start
System.IO.IOException: Failed to bind to address http://127.0.0.1:5051: address already in use.
 ---> Microsoft.AspNetCore.Connections.AddressInUseException: Only one usage of each socket address (protocol/network address/port) is normally permitted.
 ---> System.Net.Sockets.SocketException (10048): Only one usage of each socket address (protocol/network address/port) is normally permitted.
   at System.Net.Sockets.Socket.UpdateStatusAfterSocketErrorAndThrowException(SocketError error, Boolean disconnectOnFailure, String callerName)
   at System.Net.Sockets.Socket.DoBind(EndPoint endPointSnapshot, SocketAddress socketAddress)
   at System.Net.Sockets.Socket.Bind(EndPoint localEP)
   at Microsoft.AspNetCore.Server.Kestrel.Transport.Sockets.SocketTransportOptions.CreateDefaultBoundListenSocket(EndPoint endpoint)
   at Microsoft.AspNetCore.Server.Kestrel.Transport.Sockets.SocketConnectionListener.Bind()
   --- End of inner exception stack trace ---
   at Microsoft.AspNetCore.Server.Kestrel.Transport.Sockets.SocketConnectionListener.Bind()
   at Microsoft.AspNetCore.Server.Kestrel.Transport.Sockets.SocketTransportFactory.BindAsync(EndPoint endpoint, CancellationToken cancellationToken)
   at Microsoft.AspNetCore.Server.Kestrel.Core.Internal.Infrastructure.TransportManager.BindAsync(EndPoint endPoint, ConnectionDelegate connectionDelegate, EndpointConfig endpointConfig, CancellationToken cancellationToken)
   at Microsoft.AspNetCore.Server.Kestrel.Core.KestrelServerImpl.<>c__DisplayClass28_0`1.<<StartAsync>g__OnBind|0>d.MoveNext()
--- End of stack trace from previous location ---
   at Microsoft.AspNetCore.Server.Kestrel.Core.Internal.AddressBinder.BindEndpointAsync(ListenOptions endpoint, AddressBindContext context, CancellationToken cancellationToken)
   --- End of inner exception stack trace ---
   at Microsoft.AspNetCore.Server.Kestrel.Core.Internal.AddressBinder.BindEndpointAsync(ListenOptions endpoint, AddressBindContext context, CancellationToken cancellationToken)
   at Microsoft.AspNetCore.Server.Kestrel.Core.LocalhostListenOptions.BindAsync(AddressBindContext context, CancellationToken cancellationToken)
   at Microsoft.AspNetCore.Server.Kestrel.Core.Internal.AddressBinder.AddressesStrategy.BindAsync(AddressBindContext context, CancellationToken cancellationToken)
   at Microsoft.AspNetCore.Server.Kestrel.Core.Internal.AddressBinder.BindAsync(ListenOptions[] listenOptions, AddressBindContext context, Func`2 useHttps, CancellationToken cancellationToken)
   at Microsoft.AspNetCore.Server.Kestrel.Core.KestrelServerImpl.BindAsync(CancellationToken cancellationToken)
   at Microsoft.AspNetCore.Server.Kestrel.Core.KestrelServerImpl.StartAsync[TContext](IHttpApplication`1 application, CancellationToken cancellationToken)
   at Microsoft.AspNetCore.Hosting.GenericWebHostService.StartAsync(CancellationToken cancellationToken)
   at Microsoft.Extensions.Hosting.Internal.Host.<StartAsync>b__15_1(IHostedService service, CancellationToken token)
   at Microsoft.Extensions.Hosting.Internal.Host.ForeachService[T](IEnumerable`1 services, CancellationToken token, Boolean concurrent, Boolean abortOnFirstException, List`1 exceptions, Func`3 operation)
2025-11-22 17:13:07.395 +07:00 [INF] RabbitMQ consumer connection closed.
2025-11-22 17:13:07.398 +07:00 [FTL] NotificationService failed to start
System.IO.IOException: Failed to bind to address http://127.0.0.1:5051: address already in use.
 ---> Microsoft.AspNetCore.Connections.AddressInUseException: Only one usage of each socket address (protocol/network address/port) is normally permitted.
 ---> System.Net.Sockets.SocketException (10048): Only one usage of each socket address (protocol/network address/port) is normally permitted.
   at System.Net.Sockets.Socket.UpdateStatusAfterSocketErrorAndThrowException(SocketError error, Boolean disconnectOnFailure, String callerName)
   at System.Net.Sockets.Socket.DoBind(EndPoint endPointSnapshot, SocketAddress socketAddress)
   at System.Net.Sockets.Socket.Bind(EndPoint localEP)
   at Microsoft.AspNetCore.Server.Kestrel.Transport.Sockets.SocketTransportOptions.CreateDefaultBoundListenSocket(EndPoint endpoint)
   at Microsoft.AspNetCore.Server.Kestrel.Transport.Sockets.SocketConnectionListener.Bind()
   --- End of inner exception stack trace ---
   at Microsoft.AspNetCore.Server.Kestrel.Transport.Sockets.SocketConnectionListener.Bind()
   at Microsoft.AspNetCore.Server.Kestrel.Transport.Sockets.SocketTransportFactory.BindAsync(EndPoint endpoint, CancellationToken cancellationToken)
   at Microsoft.AspNetCore.Server.Kestrel.Core.Internal.Infrastructure.TransportManager.BindAsync(EndPoint endPoint, ConnectionDelegate connectionDelegate, EndpointConfig endpointConfig, CancellationToken cancellationToken)
   at Microsoft.AspNetCore.Server.Kestrel.Core.KestrelServerImpl.<>c__DisplayClass28_0`1.<<StartAsync>g__OnBind|0>d.MoveNext()
--- End of stack trace from previous location ---
   at Microsoft.AspNetCore.Server.Kestrel.Core.Internal.AddressBinder.BindEndpointAsync(ListenOptions endpoint, AddressBindContext context, CancellationToken cancellationToken)
   --- End of inner exception stack trace ---
   at Microsoft.AspNetCore.Server.Kestrel.Core.Internal.AddressBinder.BindEndpointAsync(ListenOptions endpoint, AddressBindContext context, CancellationToken cancellationToken)
   at Microsoft.AspNetCore.Server.Kestrel.Core.LocalhostListenOptions.BindAsync(AddressBindContext context, CancellationToken cancellationToken)
   at Microsoft.AspNetCore.Server.Kestrel.Core.Internal.AddressBinder.AddressesStrategy.BindAsync(AddressBindContext context, CancellationToken cancellationToken)
   at Microsoft.AspNetCore.Server.Kestrel.Core.Internal.AddressBinder.BindAsync(ListenOptions[] listenOptions, AddressBindContext context, Func`2 useHttps, CancellationToken cancellationToken)
   at Microsoft.AspNetCore.Server.Kestrel.Core.KestrelServerImpl.BindAsync(CancellationToken cancellationToken)
   at Microsoft.AspNetCore.Server.Kestrel.Core.KestrelServerImpl.StartAsync[TContext](IHttpApplication`1 application, CancellationToken cancellationToken)
   at Microsoft.AspNetCore.Hosting.GenericWebHostService.StartAsync(CancellationToken cancellationToken)
   at Microsoft.Extensions.Hosting.Internal.Host.<StartAsync>b__15_1(IHostedService service, CancellationToken token)
   at Microsoft.Extensions.Hosting.Internal.Host.ForeachService[T](IEnumerable`1 services, CancellationToken token, Boolean concurrent, Boolean abortOnFirstException, List`1 exceptions, Func`3 operation)
   at Microsoft.Extensions.Hosting.Internal.Host.StartAsync(CancellationToken cancellationToken)
   at Microsoft.Extensions.Hosting.HostingAbstractionsHostExtensions.RunAsync(IHost host, CancellationToken token)
   at Microsoft.Extensions.Hosting.HostingAbstractionsHostExtensions.RunAsync(IHost host, CancellationToken token)
   at Microsoft.Extensions.Hosting.HostingAbstractionsHostExtensions.Run(IHost host)
   at Program.<Main>$(String[] args) in D:\Nam_3\ev-dealer-management\ev-dealer-management\NotificationService\Program.cs:line 64
2025-11-22 17:14:20.778 +07:00 [INF] Starting NotificationService...
2025-11-22 17:14:21.020 +07:00 [INF] NotificationService started successfully on http://localhost:5051
2025-11-22 17:14:21.136 +07:00 [INF] RabbitMQ consumer connection and channels initialized successfully.
2025-11-22 17:14:21.148 +07:00 [INF] RabbitMQ Consumer Hosted Service running.
2025-11-22 17:14:21.153 +07:00 [INF] Started consuming from queue: sales.completed
2025-11-22 17:14:21.156 +07:00 [INF] Started consuming from queue: vehicle.reserved
2025-11-22 17:14:21.158 +07:00 [INF] Started consuming from queue: testdrive.scheduled
2025-11-22 17:14:21.159 +07:00 [INF] Started consuming messages from all queues.
2025-11-22 17:16:16.260 +07:00 [WRN] Failed to determine the https port for redirect.
2025-11-22 17:17:04.307 +07:00 [INF] RabbitMQ Consumer Hosted Service is stopping.
2025-11-22 17:17:04.308 +07:00 [INF] Stopping RabbitMQ consumer.
2025-11-22 17:17:04.322 +07:00 [INF] RabbitMQ consumer connection closed.
2025-11-22 17:17:04.329 +07:00 [FTL] NotificationService failed to start
System.Threading.Channels.ChannelClosedException: The channel has been closed.
   at System.Threading.Channels.ChannelWriter`1.Complete(Exception error)
   at RabbitMQ.Client.Framing.Impl.AutorecoveringConnection.StopRecoveryLoop()
   at RabbitMQ.Client.Framing.Impl.AutorecoveringConnection.Close()
   at NotificationService.Services.RabbitMQConsumerService.Dispose() in D:\Nam_3\ev-dealer-management\ev-dealer-management\NotificationService\Services\RabbitMQConsumerService.cs:line 192
   at Microsoft.Extensions.DependencyInjection.ServiceLookup.ServiceProviderEngineScope.DisposeAsync()
--- End of stack trace from previous location ---
   at Microsoft.Extensions.Hosting.Internal.Host.<DisposeAsync>g__DisposeAsync|21_0(Object o)
   at Microsoft.Extensions.Hosting.Internal.Host.DisposeAsync()
   at Microsoft.Extensions.Hosting.HostingAbstractionsHostExtensions.RunAsync(IHost host, CancellationToken token)
   at Microsoft.Extensions.Hosting.HostingAbstractionsHostExtensions.Run(IHost host)
   at Program.<Main>$(String[] args) in D:\Nam_3\ev-dealer-management\ev-dealer-management\NotificationService\Program.cs:line 64
2025-11-22 17:18:21.289 +07:00 [INF] Starting NotificationService...
2025-11-22 17:18:21.788 +07:00 [INF] NotificationService started successfully on http://localhost:5051
2025-11-22 17:18:22.164 +07:00 [INF] RabbitMQ consumer connection and channels initialized successfully.
2025-11-22 17:18:22.187 +07:00 [INF] RabbitMQ Consumer Hosted Service running.
2025-11-22 17:18:22.207 +07:00 [INF] Started consuming from queue: sales.completed
2025-11-22 17:18:22.217 +07:00 [INF] Started consuming from queue: vehicle.reserved
2025-11-22 17:18:22.237 +07:00 [INF] Started consuming from queue: testdrive.scheduled
2025-11-22 17:18:22.241 +07:00 [INF] Started consuming messages from all queues.
2025-11-22 17:21:09.959 +07:00 [INF] Processing SaleCompletedEvent for Order: ORD-20251122-F270C037
2025-11-22 17:21:11.678 +07:00 [INF] Email sent successfully to duytest@example.com. Subject: Order Confirmation - EV Dealer Management
2025-11-22 17:21:11.712 +07:00 [INF] Order confirmation email sent for Order: ORD-20251122-F270C037
