2025-11-25 07:02:44.165 +07:00 [INF] Starting NotificationService...
2025-11-25 07:02:44.535 +07:00 [INF] NotificationService started successfully on http://localhost:5051
2025-11-25 07:02:44.774 +07:00 [INF] RabbitMQ consumer connection and channels initialized successfully.
2025-11-25 07:02:44.788 +07:00 [INF] RabbitMQ Consumer Hosted Service running.
2025-11-25 07:02:44.800 +07:00 [INF] Started consuming from queue: sales.completed
2025-11-25 07:02:44.803 +07:00 [INF] Started consuming from queue: vehicle.reserved
2025-11-25 07:02:44.805 +07:00 [INF] Started consuming from queue: testdrive.scheduled
2025-11-25 07:02:44.806 +07:00 [INF] Started consuming messages from all queues.
2025-11-25 08:58:43.709 +07:00 [INF] RabbitMQ Consumer Hosted Service is stopping.
2025-11-25 08:58:43.713 +07:00 [INF] Stopping RabbitMQ consumer.
2025-11-25 08:58:43.760 +07:00 [INF] RabbitMQ consumer connection closed.
2025-11-25 08:58:43.771 +07:00 [FTL] NotificationService failed to start
System.Threading.Channels.ChannelClosedException: The channel has been closed.
   at System.Threading.Channels.ChannelWriter`1.Complete(Exception error)
   at RabbitMQ.Client.Framing.Impl.AutorecoveringConnection.StopRecoveryLoop()
   at RabbitMQ.Client.Framing.Impl.AutorecoveringConnection.Close()
   at NotificationService.Services.RabbitMQConsumerService.Dispose() in C:\Code\XD\project_XD\ev-dealer-management\ev-dealer-management\NotificationService\Services\RabbitMQConsumerService.cs:line 217
   at Microsoft.Extensions.DependencyInjection.ServiceLookup.ServiceProviderEngineScope.DisposeAsync()
--- End of stack trace from previous location ---
   at Microsoft.Extensions.Hosting.Internal.Host.<DisposeAsync>g__DisposeAsync|21_0(Object o)
   at Microsoft.Extensions.Hosting.Internal.Host.DisposeAsync()
   at Microsoft.Extensions.Hosting.HostingAbstractionsHostExtensions.RunAsync(IHost host, CancellationToken token)
   at Microsoft.Extensions.Hosting.HostingAbstractionsHostExtensions.Run(IHost host)
   at Program.<Main>$(String[] args) in C:\Code\XD\project_XD\ev-dealer-management\ev-dealer-management\NotificationService\Program.cs:line 64
2025-11-25 08:58:49.946 +07:00 [INF] Starting NotificationService...
2025-11-25 08:58:50.220 +07:00 [INF] NotificationService started successfully on http://localhost:5051
2025-11-25 08:58:50.446 +07:00 [INF] RabbitMQ consumer connection and channels initialized successfully.
2025-11-25 08:58:50.461 +07:00 [INF] RabbitMQ Consumer Hosted Service running.
2025-11-25 08:58:50.470 +07:00 [INF] Started consuming from queue: sales.completed
2025-11-25 08:58:50.472 +07:00 [INF] Started consuming from queue: vehicle.reserved
2025-11-25 08:58:50.473 +07:00 [INF] Started consuming from queue: testdrive.scheduled
2025-11-25 08:58:50.473 +07:00 [INF] Started consuming messages from all queues.
