2025-11-26 04:42:12.603 +07:00 [INF] Starting NotificationService...
2025-11-26 04:42:13.785 +07:00 [INF] NotificationService started successfully on http://localhost:5051
2025-11-26 04:42:14.273 +07:00 [INF] RabbitMQ consumer connection and channels initialized successfully.
2025-11-26 04:42:14.288 +07:00 [INF] RabbitMQ Consumer Hosted Service running.
2025-11-26 04:42:14.301 +07:00 [INF] Started consuming from queue: sales.completed
2025-11-26 04:42:14.307 +07:00 [INF] Started consuming from queue: vehicle.reserved
2025-11-26 04:42:14.309 +07:00 [INF] Started consuming from queue: testdrive.scheduled
2025-11-26 04:42:14.310 +07:00 [INF] Started consuming messages from all queues.
2025-11-26 04:43:17.102 +07:00 [INF] RabbitMQ Consumer Hosted Service is stopping.
2025-11-26 04:43:17.148 +07:00 [INF] Stopping RabbitMQ consumer.
2025-11-26 04:43:17.305 +07:00 [INF] RabbitMQ consumer connection closed.
2025-11-26 04:43:17.320 +07:00 [FTL] NotificationService failed to start
System.Threading.Channels.ChannelClosedException: The channel has been closed.
   at System.Threading.Channels.ChannelWriter`1.Complete(Exception error)
   at RabbitMQ.Client.Framing.Impl.AutorecoveringConnection.StopRecoveryLoop()
   at RabbitMQ.Client.Framing.Impl.AutorecoveringConnection.Close()
   at NotificationService.Services.RabbitMQConsumerService.Dispose() in D:\Nam_3\ev-dealer-management\ev-dealer-management\NotificationService\Services\RabbitMQConsumerService.cs:line 190
   at Microsoft.Extensions.DependencyInjection.ServiceLookup.ServiceProviderEngineScope.DisposeAsync()
--- End of stack trace from previous location ---
   at Microsoft.Extensions.Hosting.Internal.Host.<DisposeAsync>g__DisposeAsync|21_0(Object o)
   at Microsoft.Extensions.Hosting.Internal.Host.DisposeAsync()
   at Microsoft.Extensions.Hosting.HostingAbstractionsHostExtensions.RunAsync(IHost host, CancellationToken token)
   at Microsoft.Extensions.Hosting.HostingAbstractionsHostExtensions.Run(IHost host)
   at Program.<Main>$(String[] args) in D:\Nam_3\ev-dealer-management\ev-dealer-management\NotificationService\Program.cs:line 63
2025-11-26 04:43:32.095 +07:00 [INF] Starting NotificationService...
2025-11-26 04:43:32.367 +07:00 [INF] NotificationService started successfully on http://localhost:5051
2025-11-26 04:43:32.505 +07:00 [INF] RabbitMQ consumer connection and channels initialized successfully.
2025-11-26 04:43:32.517 +07:00 [INF] RabbitMQ Consumer Hosted Service running.
2025-11-26 04:43:32.522 +07:00 [INF] Started consuming from queue: sales.completed
2025-11-26 04:43:32.524 +07:00 [INF] Started consuming from queue: vehicle.reserved
2025-11-26 04:43:32.526 +07:00 [INF] Started consuming from queue: testdrive.scheduled
2025-11-26 04:43:32.526 +07:00 [INF] Started consuming messages from all queues.
2025-11-26 04:43:43.201 +07:00 [WRN] Failed to determine the https port for redirect.
